<?xml version="1.0" encoding="UTF-8"?>
<testng-results skipped="0" failed="0" total="1" passed="1">
  <reporter-output>
  </reporter-output>
  <suite name="Default suite" duration-ms="3671" started-at="2018-08-01T18:02:57Z" finished-at="2018-08-01T18:03:01Z">
    <groups>
    </groups>
    <test name="Default test" duration-ms="3671" started-at="2018-08-01T18:02:57Z" finished-at="2018-08-01T18:03:01Z">
      <class name="com.whether.Postmethod">
        <test-method status="PASS" signature="postMethods()[pri:0, instance:com.whether.Postmethod@1ee9faa]" name="postMethods" duration-ms="3622" started-at="2018-08-01T23:32:57Z" finished-at="2018-08-01T23:33:01Z">
          <reporter-output>
          </reporter-output>
        </test-method> <!-- postMethods -->
      </class> <!-- com.whether.Postmethod -->
    </test> <!-- Default test -->
  </suite> <!-- Default suite -->
</testng-results>
